Slurm Job Id SLURM_ARRAY_JOB_ID is 29867070
STARTING AT Fri Dec 20 05:09:35 PM CET 2024

                            < M A T L A B (R) >
                  Copyright 1984-2024 The MathWorks, Inc.
             R2024a Update 1 (24.1.0.2568132) 64-bit (glnxa64)
                               March 28, 2024

 
To get started, type doc.
For product information, visit www.mathworks.com.
 

c = 

 Local Cluster

    Properties: 

                   Profile: Processes
                  Modified: false
                      Host: jst304
                NumWorkers: 72
                NumThreads: 1

        JobStorageLocation: /home/zhang2/.matlab/local_cluster_jobs/R2024a
   RequiresOnlineLicensing: false
   PreferredPoolNumWorkers: Inf

    Associated Jobs: 

            Number Pending: 0
             Number Queued: 0
            Number Running: 18
           Number Finished: 0

Starting parallel pool (parpool) using the 'Processes' profile ...
Connected to parallel pool with 72 workers.

c = 

 Local Cluster

    Properties: 

                   Profile: Processes
                  Modified: true
                      Host: jst304
                NumWorkers: 72
                NumThreads: 1

        JobStorageLocation: /scratch/zhang2/test_zhe/29867076
   RequiresOnlineLicensing: false
   PreferredPoolNumWorkers: Inf

    Associated Jobs: 

            Number Pending: 0
             Number Queued: 0
            Number Running: 0
           Number Finished: 0

Elapsed time is 132.184378 seconds.
Parallel pool using the 'Processes' profile is shutting down.
FINISHED at Fri Dec 20 05:13:13 PM CET 2024
